sh: 1: tsc: not found
npm ERR! file sh
npm ERR! code ELIFECYCLE
npm ERR! errno ENOENT
npm ERR! syscall spawn
npm ERR! arena-announcer@1.0.0 build: `npm run clean && tsc --project .`
npm ERR! spawn ENOENT
npm ERR! 
npm ERR! Failed at the arena-announcer@1.0.0 build script.
npm ERR! This is probably not a problem with npm. There is likely additional logging output above.

npm ERR! A complete log of this run can be found in:
npm ERR!     /home/bitnami/.npm/_logs/2017-12-17T23_43_02_751Z-debug.log
npm ERR! code ELIFECYCLE
npm ERR! errno 1
npm ERR! arena-announcer@1.0.0 start: `npm run build && node dist/app.js "/home/bitnami/apps/feh-arena-announcer"`
npm ERR! Exit status 1
npm ERR! 
npm ERR! Failed at the arena-announcer@1.0.0 start script.
npm ERR! This is probably not a problem with npm. There is likely additional logging output above.

npm ERR! A complete log of this run can be found in:
npm ERR!     /home/bitnami/.npm/_logs/2017-12-17T23_43_02_766Z-debug.log
sh: 1: tsc: not found
npm ERR! file sh
npm ERR! code ELIFECYCLE
npm ERR! errno ENOENT
npm ERR! syscall spawn
npm ERR! arena-announcer@1.0.0 build: `npm run clean && tsc --project .`
npm ERR! spawn ENOENT
npm ERR! 
npm ERR! Failed at the arena-announcer@1.0.0 build script.
npm ERR! This is probably not a problem with npm. There is likely additional logging output above.

npm ERR! A complete log of this run can be found in:
npm ERR!     /home/bitnami/.npm/_logs/2017-12-17T23_43_04_611Z-debug.log
npm ERR! code ELIFECYCLE
npm ERR! errno 1
npm ERR! arena-announcer@1.0.0 start: `npm run build && node dist/app.js "/home/bitnami/apps/feh-arena-announcer"`
npm ERR! Exit status 1
npm ERR! 
npm ERR! Failed at the arena-announcer@1.0.0 start script.
npm ERR! This is probably not a problem with npm. There is likely additional logging output above.

npm ERR! A complete log of this run can be found in:
npm ERR!     /home/bitnami/.npm/_logs/2017-12-17T23_43_04_626Z-debug.log
sh: 1: tsc: not found
npm ERR! file sh
npm ERR! code ELIFECYCLE
npm ERR! errno ENOENT
npm ERR! syscall spawn
npm ERR! arena-announcer@1.0.0 build: `npm run clean && tsc --project .`
npm ERR! spawn ENOENT
npm ERR! 
npm ERR! Failed at the arena-announcer@1.0.0 build script.
npm ERR! This is probably not a problem with npm. There is likely additional logging output above.

npm ERR! A complete log of this run can be found in:
npm ERR!     /home/bitnami/.npm/_logs/2017-12-17T23_43_06_471Z-debug.log
npm ERR! code ELIFECYCLE
npm ERR! errno 1
npm ERR! arena-announcer@1.0.0 start: `npm run build && node dist/app.js "/home/bitnami/apps/feh-arena-announcer"`
npm ERR! Exit status 1
npm ERR! 
npm ERR! Failed at the arena-announcer@1.0.0 start script.
npm ERR! This is probably not a problem with npm. There is likely additional logging output above.

npm ERR! A complete log of this run can be found in:
npm ERR!     /home/bitnami/.npm/_logs/2017-12-17T23_43_06_486Z-debug.log
sh: 1: tsc: not found
npm ERR! file sh
npm ERR! code ELIFECYCLE
npm ERR! errno ENOENT
npm ERR! syscall spawn
npm ERR! arena-announcer@1.0.0 build: `npm run clean && tsc --project .`
npm ERR! spawn ENOENT
npm ERR! 
npm ERR! Failed at the arena-announcer@1.0.0 build script.
npm ERR! This is probably not a problem with npm. There is likely additional logging output above.

npm ERR! A complete log of this run can be found in:
npm ERR!     /home/bitnami/.npm/_logs/2017-12-17T23_43_08_326Z-debug.log
npm ERR! code ELIFECYCLE
npm ERR! errno 1
npm ERR! arena-announcer@1.0.0 start: `npm run build && node dist/app.js "/home/bitnami/apps/feh-arena-announcer"`
npm ERR! Exit status 1
npm ERR! 
npm ERR! Failed at the arena-announcer@1.0.0 start script.
npm ERR! This is probably not a problem with npm. There is likely additional logging output above.

npm ERR! A complete log of this run can be found in:
npm ERR!     /home/bitnami/.npm/_logs/2017-12-17T23_43_08_340Z-debug.log
sh: 1: tsc: not found
npm ERR! file sh
npm ERR! code ELIFECYCLE
npm ERR! errno ENOENT
npm ERR! syscall spawn
npm ERR! arena-announcer@1.0.0 build: `npm run clean && tsc --project .`
npm ERR! spawn ENOENT
npm ERR! 
npm ERR! Failed at the arena-announcer@1.0.0 build script.
npm ERR! This is probably not a problem with npm. There is likely additional logging output above.

npm ERR! A complete log of this run can be found in:
npm ERR!     /home/bitnami/.npm/_logs/2017-12-17T23_43_10_178Z-debug.log
npm ERR! code ELIFECYCLE
npm ERR! errno 1
npm ERR! arena-announcer@1.0.0 start: `npm run build && node dist/app.js "/home/bitnami/apps/feh-arena-announcer"`
npm ERR! Exit status 1
npm ERR! 
npm ERR! Failed at the arena-announcer@1.0.0 start script.
npm ERR! This is probably not a problem with npm. There is likely additional logging output above.

npm ERR! A complete log of this run can be found in:
npm ERR!     /home/bitnami/.npm/_logs/2017-12-17T23_43_10_194Z-debug.log
sh: 1: tsc: not found
npm ERR! file sh
npm ERR! code ELIFECYCLE
npm ERR! errno ENOENT
npm ERR! syscall spawn
npm ERR! arena-announcer@1.0.0 build: `npm run clean && tsc --project .`
npm ERR! spawn ENOENT
npm ERR! 
npm ERR! Failed at the arena-announcer@1.0.0 build script.
npm ERR! This is probably not a problem with npm. There is likely additional logging output above.

npm ERR! A complete log of this run can be found in:
npm ERR!     /home/bitnami/.npm/_logs/2017-12-17T23_43_12_023Z-debug.log
npm ERR! code ELIFECYCLE
npm ERR! errno 1
npm ERR! arena-announcer@1.0.0 start: `npm run build && node dist/app.js "/home/bitnami/apps/feh-arena-announcer"`
npm ERR! Exit status 1
npm ERR! 
npm ERR! Failed at the arena-announcer@1.0.0 start script.
npm ERR! This is probably not a problem with npm. There is likely additional logging output above.

npm ERR! A complete log of this run can be found in:
npm ERR!     /home/bitnami/.npm/_logs/2017-12-17T23_43_12_039Z-debug.log
sh: 1: tsc: not found
npm ERR! file sh
npm ERR! code ELIFECYCLE
npm ERR! errno ENOENT
npm ERR! syscall spawn
npm ERR! arena-announcer@1.0.0 build: `npm run clean && tsc --project .`
npm ERR! spawn ENOENT
npm ERR! 
npm ERR! Failed at the arena-announcer@1.0.0 build script.
npm ERR! This is probably not a problem with npm. There is likely additional logging output above.

npm ERR! A complete log of this run can be found in:
npm ERR!     /home/bitnami/.npm/_logs/2017-12-17T23_43_13_866Z-debug.log
npm ERR! code ELIFECYCLE
npm ERR! errno 1
npm ERR! arena-announcer@1.0.0 start: `npm run build && node dist/app.js "/home/bitnami/apps/feh-arena-announcer"`
npm ERR! Exit status 1
npm ERR! 
npm ERR! Failed at the arena-announcer@1.0.0 start script.
npm ERR! This is probably not a problem with npm. There is likely additional logging output above.

npm ERR! A complete log of this run can be found in:
npm ERR!     /home/bitnami/.npm/_logs/2017-12-17T23_43_13_881Z-debug.log
sh: 1: tsc: not found
npm ERR! file sh
npm ERR! code ELIFECYCLE
npm ERR! errno ENOENT
npm ERR! syscall spawn
npm ERR! arena-announcer@1.0.0 build: `npm run clean && tsc --project .`
npm ERR! spawn ENOENT
npm ERR! 
npm ERR! Failed at the arena-announcer@1.0.0 build script.
npm ERR! This is probably not a problem with npm. There is likely additional logging output above.

npm ERR! A complete log of this run can be found in:
npm ERR!     /home/bitnami/.npm/_logs/2017-12-17T23_43_15_713Z-debug.log
npm ERR! code ELIFECYCLE
npm ERR! errno 1
npm ERR! arena-announcer@1.0.0 start: `npm run build && node dist/app.js "/home/bitnami/apps/feh-arena-announcer"`
npm ERR! Exit status 1
npm ERR! 
npm ERR! Failed at the arena-announcer@1.0.0 start script.
npm ERR! This is probably not a problem with npm. There is likely additional logging output above.

npm ERR! A complete log of this run can be found in:
npm ERR!     /home/bitnami/.npm/_logs/2017-12-17T23_43_15_729Z-debug.log
sh: 1: tsc: not found
npm ERR! file sh
npm ERR! code ELIFECYCLE
npm ERR! errno ENOENT
npm ERR! syscall spawn
npm ERR! arena-announcer@1.0.0 build: `npm run clean && tsc --project .`
npm ERR! spawn ENOENT
npm ERR! 
npm ERR! Failed at the arena-announcer@1.0.0 build script.
npm ERR! This is probably not a problem with npm. There is likely additional logging output above.

npm ERR! A complete log of this run can be found in:
npm ERR!     /home/bitnami/.npm/_logs/2017-12-17T23_43_17_555Z-debug.log
npm ERR! code ELIFECYCLE
npm ERR! errno 1
npm ERR! arena-announcer@1.0.0 start: `npm run build && node dist/app.js "/home/bitnami/apps/feh-arena-announcer"`
npm ERR! Exit status 1
npm ERR! 
npm ERR! Failed at the arena-announcer@1.0.0 start script.
npm ERR! This is probably not a problem with npm. There is likely additional logging output above.

npm ERR! A complete log of this run can be found in:
npm ERR!     /home/bitnami/.npm/_logs/2017-12-17T23_43_17_570Z-debug.log
sh: 1: tsc: not found
npm ERR! file sh
npm ERR! code ELIFECYCLE
npm ERR! errno ENOENT
npm ERR! syscall spawn
npm ERR! arena-announcer@1.0.0 build: `npm run clean && tsc --project .`
npm ERR! spawn ENOENT
npm ERR! 
npm ERR! Failed at the arena-announcer@1.0.0 build script.
npm ERR! This is probably not a problem with npm. There is likely additional logging output above.

npm ERR! A complete log of this run can be found in:
npm ERR!     /home/bitnami/.npm/_logs/2017-12-17T23_43_19_396Z-debug.log
npm ERR! code ELIFECYCLE
npm ERR! errno 1
npm ERR! arena-announcer@1.0.0 start: `npm run build && node dist/app.js "/home/bitnami/apps/feh-arena-announcer"`
npm ERR! Exit status 1
npm ERR! 
npm ERR! Failed at the arena-announcer@1.0.0 start script.
npm ERR! This is probably not a problem with npm. There is likely additional logging output above.

npm ERR! A complete log of this run can be found in:
npm ERR!     /home/bitnami/.npm/_logs/2017-12-17T23_43_19_412Z-debug.log
sh: 1: tsc: not found
npm ERR! file sh
npm ERR! code ELIFECYCLE
npm ERR! errno ENOENT
npm ERR! syscall spawn
npm ERR! arena-announcer@1.0.0 build: `npm run clean && tsc --project .`
npm ERR! spawn ENOENT
npm ERR! 
npm ERR! Failed at the arena-announcer@1.0.0 build script.
npm ERR! This is probably not a problem with npm. There is likely additional logging output above.

npm ERR! A complete log of this run can be found in:
npm ERR!     /home/bitnami/.npm/_logs/2017-12-17T23_43_21_243Z-debug.log
npm ERR! code ELIFECYCLE
npm ERR! errno 1
npm ERR! arena-announcer@1.0.0 start: `npm run build && node dist/app.js "/home/bitnami/apps/feh-arena-announcer"`
npm ERR! Exit status 1
npm ERR! 
npm ERR! Failed at the arena-announcer@1.0.0 start script.
npm ERR! This is probably not a problem with npm. There is likely additional logging output above.

npm ERR! A complete log of this run can be found in:
npm ERR!     /home/bitnami/.npm/_logs/2017-12-17T23_43_21_256Z-debug.log
sh: 1: tsc: not found
npm ERR! file sh
npm ERR! code ELIFECYCLE
npm ERR! errno ENOENT
npm ERR! syscall spawn
npm ERR! arena-announcer@1.0.0 build: `npm run clean && tsc --project .`
npm ERR! spawn ENOENT
npm ERR! 
npm ERR! Failed at the arena-announcer@1.0.0 build script.
npm ERR! This is probably not a problem with npm. There is likely additional logging output above.

npm ERR! A complete log of this run can be found in:
npm ERR!     /home/bitnami/.npm/_logs/2017-12-17T23_43_23_078Z-debug.log
npm ERR! code ELIFECYCLE
npm ERR! errno 1
npm ERR! arena-announcer@1.0.0 start: `npm run build && node dist/app.js "/home/bitnami/apps/feh-arena-announcer"`
npm ERR! Exit status 1
npm ERR! 
npm ERR! Failed at the arena-announcer@1.0.0 start script.
npm ERR! This is probably not a problem with npm. There is likely additional logging output above.

npm ERR! A complete log of this run can be found in:
npm ERR!     /home/bitnami/.npm/_logs/2017-12-17T23_43_23_092Z-debug.log
sh: 1: tsc: not found
npm ERR! file sh
npm ERR! code ELIFECYCLE
npm ERR! errno ENOENT
npm ERR! syscall spawn
npm ERR! arena-announcer@1.0.0 build: `npm run clean && tsc --project .`
npm ERR! spawn ENOENT
npm ERR! 
npm ERR! Failed at the arena-announcer@1.0.0 build script.
npm ERR! This is probably not a problem with npm. There is likely additional logging output above.

npm ERR! A complete log of this run can be found in:
npm ERR!     /home/bitnami/.npm/_logs/2017-12-17T23_43_25_139Z-debug.log
npm ERR! code ELIFECYCLE
npm ERR! errno 1
npm ERR! arena-announcer@1.0.0 start: `npm run build && node dist/app.js "/home/bitnami/apps/feh-arena-announcer"`
npm ERR! Exit status 1
npm ERR! 
npm ERR! Failed at the arena-announcer@1.0.0 start script.
npm ERR! This is probably not a problem with npm. There is likely additional logging output above.

npm ERR! A complete log of this run can be found in:
npm ERR!     /home/bitnami/.npm/_logs/2017-12-17T23_43_25_163Z-debug.log
sh: 1: tsc: not found
npm ERR! file sh
npm ERR! code ELIFECYCLE
npm ERR! errno ENOENT
npm ERR! syscall spawn
npm ERR! arena-announcer@1.0.0 build: `npm run clean && tsc --project .`
npm ERR! spawn ENOENT
npm ERR! 
npm ERR! Failed at the arena-announcer@1.0.0 build script.
npm ERR! This is probably not a problem with npm. There is likely additional logging output above.

npm ERR! A complete log of this run can be found in:
npm ERR!     /home/bitnami/.npm/_logs/2017-12-17T23_43_27_347Z-debug.log
npm ERR! code ELIFECYCLE
npm ERR! errno 1
npm ERR! arena-announcer@1.0.0 start: `npm run build && node dist/app.js "/home/bitnami/apps/feh-arena-announcer"`
npm ERR! Exit status 1
npm ERR! 
npm ERR! Failed at the arena-announcer@1.0.0 start script.
npm ERR! This is probably not a problem with npm. There is likely additional logging output above.

npm ERR! A complete log of this run can be found in:
npm ERR!     /home/bitnami/.npm/_logs/2017-12-17T23_43_27_361Z-debug.log
sh: 1: tsc: not found
npm ERR! file sh
npm ERR! code ELIFECYCLE
npm ERR! errno ENOENT
npm ERR! syscall spawn
npm ERR! arena-announcer@1.0.0 build: `npm run clean && tsc --project .`
npm ERR! spawn ENOENT
npm ERR! 
npm ERR! Failed at the arena-announcer@1.0.0 build script.
npm ERR! This is probably not a problem with npm. There is likely additional logging output above.

npm ERR! A complete log of this run can be found in:
npm ERR!     /home/bitnami/.npm/_logs/2017-12-17T23_43_29_185Z-debug.log
npm ERR! code ELIFECYCLE
npm ERR! errno 1
npm ERR! arena-announcer@1.0.0 start: `npm run build && node dist/app.js "/home/bitnami/apps/feh-arena-announcer"`
npm ERR! Exit status 1
npm ERR! 
npm ERR! Failed at the arena-announcer@1.0.0 start script.
npm ERR! This is probably not a problem with npm. There is likely additional logging output above.

npm ERR! A complete log of this run can be found in:
npm ERR!     /home/bitnami/.npm/_logs/2017-12-17T23_43_29_206Z-debug.log
sh: 1: tsc: not found
npm ERR! file sh
npm ERR! code ELIFECYCLE
npm ERR! errno ENOENT
npm ERR! syscall spawn
npm ERR! arena-announcer@1.0.0 build: `npm run clean && tsc --project .`
npm ERR! spawn ENOENT
npm ERR! 
npm ERR! Failed at the arena-announcer@1.0.0 build script.
npm ERR! This is probably not a problem with npm. There is likely additional logging output above.

npm ERR! A complete log of this run can be found in:
npm ERR!     /home/bitnami/.npm/_logs/2017-12-17T23_43_31_029Z-debug.log
npm ERR! code ELIFECYCLE
npm ERR! errno 1
npm ERR! arena-announcer@1.0.0 start: `npm run build && node dist/app.js "/home/bitnami/apps/feh-arena-announcer"`
npm ERR! Exit status 1
npm ERR! 
npm ERR! Failed at the arena-announcer@1.0.0 start script.
npm ERR! This is probably not a problem with npm. There is likely additional logging output above.

npm ERR! A complete log of this run can be found in:
npm ERR!     /home/bitnami/.npm/_logs/2017-12-17T23_43_31_042Z-debug.log
sh: 1: tsc: not found
npm ERR! file sh
npm ERR! code ELIFECYCLE
npm ERR! errno ENOENT
npm ERR! syscall spawn
npm ERR! arena-announcer@1.0.0 build: `npm run clean && tsc --project .`
npm ERR! spawn ENOENT
npm ERR! 
npm ERR! Failed at the arena-announcer@1.0.0 build script.
npm ERR! This is probably not a problem with npm. There is likely additional logging output above.

npm ERR! A complete log of this run can be found in:
npm ERR!     /home/bitnami/.npm/_logs/2017-12-17T23_43_32_862Z-debug.log
npm ERR! code ELIFECYCLE
npm ERR! errno 1
npm ERR! arena-announcer@1.0.0 start: `npm run build && node dist/app.js "/home/bitnami/apps/feh-arena-announcer"`
npm ERR! Exit status 1
npm ERR! 
npm ERR! Failed at the arena-announcer@1.0.0 start script.
npm ERR! This is probably not a problem with npm. There is likely additional logging output above.

npm ERR! A complete log of this run can be found in:
npm ERR!     /home/bitnami/.npm/_logs/2017-12-17T23_43_32_874Z-debug.log
sh: 1: tsc: not found
npm ERR! file sh
npm ERR! code ELIFECYCLE
npm ERR! errno ENOENT
npm ERR! syscall spawn
npm ERR! arena-announcer@1.0.0 build: `npm run clean && tsc --project .`
npm ERR! spawn ENOENT
npm ERR! 
npm ERR! Failed at the arena-announcer@1.0.0 build script.
npm ERR! This is probably not a problem with npm. There is likely additional logging output above.

npm ERR! A complete log of this run can be found in:
npm ERR!     /home/bitnami/.npm/_logs/2017-12-17T23_45_41_118Z-debug.log
npm ERR! code ELIFECYCLE
npm ERR! errno 1
npm ERR! arena-announcer@1.0.0 start: `npm run build && node dist/app.js "/home/bitnami/apps/feh-arena-announcer"`
npm ERR! Exit status 1
npm ERR! 
npm ERR! Failed at the arena-announcer@1.0.0 start script.
npm ERR! This is probably not a problem with npm. There is likely additional logging output above.

npm ERR! A complete log of this run can be found in:
npm ERR!     /home/bitnami/.npm/_logs/2017-12-17T23_45_41_132Z-debug.log
sh: 1: tsc: not found
npm ERR! file sh
npm ERR! code ELIFECYCLE
npm ERR! errno ENOENT
npm ERR! syscall spawn
npm ERR! arena-announcer@1.0.0 build: `npm run clean && tsc --project .`
npm ERR! spawn ENOENT
npm ERR! 
npm ERR! Failed at the arena-announcer@1.0.0 build script.
npm ERR! This is probably not a problem with npm. There is likely additional logging output above.

npm ERR! A complete log of this run can be found in:
npm ERR!     /home/bitnami/.npm/_logs/2017-12-17T23_45_43_276Z-debug.log
npm ERR! code ELIFECYCLE
npm ERR! errno 1
npm ERR! arena-announcer@1.0.0 start: `npm run build && node dist/app.js "/home/bitnami/apps/feh-arena-announcer"`
npm ERR! Exit status 1
npm ERR! 
npm ERR! Failed at the arena-announcer@1.0.0 start script.
npm ERR! This is probably not a problem with npm. There is likely additional logging output above.

npm ERR! A complete log of this run can be found in:
npm ERR!     /home/bitnami/.npm/_logs/2017-12-17T23_45_43_295Z-debug.log
sh: 1: tsc: not found
npm ERR! file sh
npm ERR! code ELIFECYCLE
npm ERR! errno ENOENT
npm ERR! syscall spawn
npm ERR! arena-announcer@1.0.0 build: `npm run clean && tsc --project .`
npm ERR! spawn ENOENT
npm ERR! 
npm ERR! Failed at the arena-announcer@1.0.0 build script.
npm ERR! This is probably not a problem with npm. There is likely additional logging output above.

npm ERR! A complete log of this run can be found in:
npm ERR!     /home/bitnami/.npm/_logs/2017-12-17T23_45_45_830Z-debug.log
npm ERR! code ELIFECYCLE
npm ERR! errno 1
npm ERR! arena-announcer@1.0.0 start: `npm run build && node dist/app.js "/home/bitnami/apps/feh-arena-announcer"`
npm ERR! Exit status 1
npm ERR! 
npm ERR! Failed at the arena-announcer@1.0.0 start script.
npm ERR! This is probably not a problem with npm. There is likely additional logging output above.

npm ERR! A complete log of this run can be found in:
npm ERR!     /home/bitnami/.npm/_logs/2017-12-17T23_45_45_843Z-debug.log
sh: 1: tsc: not found
npm ERR! file sh
npm ERR! code ELIFECYCLE
npm ERR! errno ENOENT
npm ERR! syscall spawn
npm ERR! arena-announcer@1.0.0 build: `npm run clean && tsc --project .`
npm ERR! spawn ENOENT
npm ERR! 
npm ERR! Failed at the arena-announcer@1.0.0 build script.
npm ERR! This is probably not a problem with npm. There is likely additional logging output above.

npm ERR! A complete log of this run can be found in:
npm ERR!     /home/bitnami/.npm/_logs/2017-12-17T23_45_47_680Z-debug.log
npm ERR! code ELIFECYCLE
npm ERR! errno 1
npm ERR! arena-announcer@1.0.0 start: `npm run build && node dist/app.js "/home/bitnami/apps/feh-arena-announcer"`
npm ERR! Exit status 1
npm ERR! 
npm ERR! Failed at the arena-announcer@1.0.0 start script.
npm ERR! This is probably not a problem with npm. There is likely additional logging output above.

npm ERR! A complete log of this run can be found in:
npm ERR!     /home/bitnami/.npm/_logs/2017-12-17T23_45_47_694Z-debug.log
sh: 1: tsc: not found
npm ERR! file sh
npm ERR! code ELIFECYCLE
npm ERR! errno ENOENT
npm ERR! syscall spawn
npm ERR! arena-announcer@1.0.0 build: `npm run clean && tsc --project .`
npm ERR! spawn ENOENT
npm ERR! 
npm ERR! Failed at the arena-announcer@1.0.0 build script.
npm ERR! This is probably not a problem with npm. There is likely additional logging output above.

npm ERR! A complete log of this run can be found in:
npm ERR!     /home/bitnami/.npm/_logs/2017-12-17T23_45_50_056Z-debug.log
npm ERR! code ELIFECYCLE
npm ERR! errno 1
npm ERR! arena-announcer@1.0.0 start: `npm run build && node dist/app.js "/home/bitnami/apps/feh-arena-announcer"`
npm ERR! Exit status 1
npm ERR! 
npm ERR! Failed at the arena-announcer@1.0.0 start script.
npm ERR! This is probably not a problem with npm. There is likely additional logging output above.

npm ERR! A complete log of this run can be found in:
npm ERR!     /home/bitnami/.npm/_logs/2017-12-17T23_45_50_070Z-debug.log
sh: 1: tsc: not found
npm ERR! file sh
npm ERR! code ELIFECYCLE
npm ERR! errno ENOENT
npm ERR! syscall spawn
npm ERR! arena-announcer@1.0.0 build: `npm run clean && tsc --project .`
npm ERR! spawn ENOENT
npm ERR! 
npm ERR! Failed at the arena-announcer@1.0.0 build script.
npm ERR! This is probably not a problem with npm. There is likely additional logging output above.

npm ERR! A complete log of this run can be found in:
npm ERR!     /home/bitnami/.npm/_logs/2017-12-17T23_45_51_910Z-debug.log
npm ERR! code ELIFECYCLE
npm ERR! errno 1
npm ERR! arena-announcer@1.0.0 start: `npm run build && node dist/app.js "/home/bitnami/apps/feh-arena-announcer"`
npm ERR! Exit status 1
npm ERR! 
npm ERR! Failed at the arena-announcer@1.0.0 start script.
npm ERR! This is probably not a problem with npm. There is likely additional logging output above.

npm ERR! A complete log of this run can be found in:
npm ERR!     /home/bitnami/.npm/_logs/2017-12-17T23_45_51_924Z-debug.log
sh: 1: tsc: not found
npm ERR! file sh
npm ERR! code ELIFECYCLE
npm ERR! errno ENOENT
npm ERR! syscall spawn
npm ERR! arena-announcer@1.0.0 build: `npm run clean && tsc --project .`
npm ERR! spawn ENOENT
npm ERR! 
npm ERR! Failed at the arena-announcer@1.0.0 build script.
npm ERR! This is probably not a problem with npm. There is likely additional logging output above.

npm ERR! A complete log of this run can be found in:
npm ERR!     /home/bitnami/.npm/_logs/2017-12-17T23_45_53_772Z-debug.log
npm ERR! code ELIFECYCLE
npm ERR! errno 1
npm ERR! arena-announcer@1.0.0 start: `npm run build && node dist/app.js "/home/bitnami/apps/feh-arena-announcer"`
npm ERR! Exit status 1
npm ERR! 
npm ERR! Failed at the arena-announcer@1.0.0 start script.
npm ERR! This is probably not a problem with npm. There is likely additional logging output above.

npm ERR! A complete log of this run can be found in:
npm ERR!     /home/bitnami/.npm/_logs/2017-12-17T23_45_53_786Z-debug.log
sh: 1: tsc: not found
npm ERR! file sh
npm ERR! code ELIFECYCLE
npm ERR! errno ENOENT
npm ERR! syscall spawn
npm ERR! arena-announcer@1.0.0 build: `npm run clean && tsc --project .`
npm ERR! spawn ENOENT
npm ERR! 
npm ERR! Failed at the arena-announcer@1.0.0 build script.
npm ERR! This is probably not a problem with npm. There is likely additional logging output above.

npm ERR! A complete log of this run can be found in:
npm ERR!     /home/bitnami/.npm/_logs/2017-12-17T23_45_55_626Z-debug.log
npm ERR! code ELIFECYCLE
npm ERR! errno 1
npm ERR! arena-announcer@1.0.0 start: `npm run build && node dist/app.js "/home/bitnami/apps/feh-arena-announcer"`
npm ERR! Exit status 1
npm ERR! 
npm ERR! Failed at the arena-announcer@1.0.0 start script.
npm ERR! This is probably not a problem with npm. There is likely additional logging output above.

npm ERR! A complete log of this run can be found in:
npm ERR!     /home/bitnami/.npm/_logs/2017-12-17T23_45_55_641Z-debug.log
sh: 1: tsc: not found
npm ERR! file sh
npm ERR! code ELIFECYCLE
npm ERR! errno ENOENT
npm ERR! syscall spawn
npm ERR! arena-announcer@1.0.0 build: `npm run clean && tsc --project .`
npm ERR! spawn ENOENT
npm ERR! 
npm ERR! Failed at the arena-announcer@1.0.0 build script.
npm ERR! This is probably not a problem with npm. There is likely additional logging output above.

npm ERR! A complete log of this run can be found in:
npm ERR!     /home/bitnami/.npm/_logs/2017-12-17T23_45_57_477Z-debug.log
npm ERR! code ELIFECYCLE
npm ERR! errno 1
npm ERR! arena-announcer@1.0.0 start: `npm run build && node dist/app.js "/home/bitnami/apps/feh-arena-announcer"`
npm ERR! Exit status 1
npm ERR! 
npm ERR! Failed at the arena-announcer@1.0.0 start script.
npm ERR! This is probably not a problem with npm. There is likely additional logging output above.

npm ERR! A complete log of this run can be found in:
npm ERR!     /home/bitnami/.npm/_logs/2017-12-17T23_45_57_493Z-debug.log
sh: 1: tsc: not found
npm ERR! file sh
npm ERR! code ELIFECYCLE
npm ERR! errno ENOENT
npm ERR! syscall spawn
npm ERR! arena-announcer@1.0.0 build: `npm run clean && tsc --project .`
npm ERR! spawn ENOENT
npm ERR! 
npm ERR! Failed at the arena-announcer@1.0.0 build script.
npm ERR! This is probably not a problem with npm. There is likely additional logging output above.

npm ERR! A complete log of this run can be found in:
npm ERR!     /home/bitnami/.npm/_logs/2017-12-17T23_45_59_326Z-debug.log
npm ERR! code ELIFECYCLE
npm ERR! errno 1
npm ERR! arena-announcer@1.0.0 start: `npm run build && node dist/app.js "/home/bitnami/apps/feh-arena-announcer"`
npm ERR! Exit status 1
npm ERR! 
npm ERR! Failed at the arena-announcer@1.0.0 start script.
npm ERR! This is probably not a problem with npm. There is likely additional logging output above.

npm ERR! A complete log of this run can be found in:
npm ERR!     /home/bitnami/.npm/_logs/2017-12-17T23_45_59_341Z-debug.log
sh: 1: tsc: not found
npm ERR! file sh
npm ERR! code ELIFECYCLE
npm ERR! errno ENOENT
npm ERR! syscall spawn
npm ERR! arena-announcer@1.0.0 build: `npm run clean && tsc --project .`
npm ERR! spawn ENOENT
npm ERR! 
npm ERR! Failed at the arena-announcer@1.0.0 build script.
npm ERR! This is probably not a problem with npm. There is likely additional logging output above.

npm ERR! A complete log of this run can be found in:
npm ERR!     /home/bitnami/.npm/_logs/2017-12-17T23_46_01_180Z-debug.log
npm ERR! code ELIFECYCLE
npm ERR! errno 1
npm ERR! arena-announcer@1.0.0 start: `npm run build && node dist/app.js "/home/bitnami/apps/feh-arena-announcer"`
npm ERR! Exit status 1
npm ERR! 
npm ERR! Failed at the arena-announcer@1.0.0 start script.
npm ERR! This is probably not a problem with npm. There is likely additional logging output above.

npm ERR! A complete log of this run can be found in:
npm ERR!     /home/bitnami/.npm/_logs/2017-12-17T23_46_01_194Z-debug.log
sh: 1: tsc: not found
npm ERR! file sh
npm ERR! code ELIFECYCLE
npm ERR! errno ENOENT
npm ERR! syscall spawn
npm ERR! arena-announcer@1.0.0 build: `npm run clean && tsc --project .`
npm ERR! spawn ENOENT
npm ERR! 
npm ERR! Failed at the arena-announcer@1.0.0 build script.
npm ERR! This is probably not a problem with npm. There is likely additional logging output above.

npm ERR! A complete log of this run can be found in:
npm ERR!     /home/bitnami/.npm/_logs/2017-12-17T23_46_03_546Z-debug.log
npm ERR! code ELIFECYCLE
npm ERR! errno 1
npm ERR! arena-announcer@1.0.0 start: `npm run build && node dist/app.js "/home/bitnami/apps/feh-arena-announcer"`
npm ERR! Exit status 1
npm ERR! 
npm ERR! Failed at the arena-announcer@1.0.0 start script.
npm ERR! This is probably not a problem with npm. There is likely additional logging output above.

npm ERR! A complete log of this run can be found in:
npm ERR!     /home/bitnami/.npm/_logs/2017-12-17T23_46_03_559Z-debug.log
sh: 1: tsc: not found
npm ERR! file sh
npm ERR! code ELIFECYCLE
npm ERR! errno ENOENT
npm ERR! syscall spawn
npm ERR! arena-announcer@1.0.0 build: `npm run clean && tsc --project .`
npm ERR! spawn ENOENT
npm ERR! 
npm ERR! Failed at the arena-announcer@1.0.0 build script.
npm ERR! This is probably not a problem with npm. There is likely additional logging output above.

npm ERR! A complete log of this run can be found in:
npm ERR!     /home/bitnami/.npm/_logs/2017-12-17T23_46_05_394Z-debug.log
npm ERR! code ELIFECYCLE
npm ERR! errno 1
npm ERR! arena-announcer@1.0.0 start: `npm run build && node dist/app.js "/home/bitnami/apps/feh-arena-announcer"`
npm ERR! Exit status 1
npm ERR! 
npm ERR! Failed at the arena-announcer@1.0.0 start script.
npm ERR! This is probably not a problem with npm. There is likely additional logging output above.

npm ERR! A complete log of this run can be found in:
npm ERR!     /home/bitnami/.npm/_logs/2017-12-17T23_46_05_407Z-debug.log
